
  .   ____          _            __ _ _
 /\\ / ___'_ __ _ _(_)_ __  __ _ \ \ \ \
( ( )\___ | '_ | '_| | '_ \/ _` | \ \ \ \
 \\/  ___)| |_)| | | | | || (_| |  ) ) ) )
  '  |____| .__|_| |_|_| |_\__, | / / / /
 =========|_|==============|___/=/_/_/_/
 :: Spring Boot ::                (v3.2.0)

09:14:57.567 [main] INFO  com.example.redis.RedisTrafficApplication - Starting RedisTrafficApplication v0.0.1-SNAPSHOT using Java 17.0.15 with PID 9046 (/home/ec2-user/lettuce/target/redis-traffic-generator-0.0.1-SNAPSHOT.jar started by root in /home/ec2-user/lettuce/target)
09:14:57.576 [main] DEBUG com.example.redis.RedisTrafficApplication - Running with Spring Boot v3.2.0, Spring v6.1.1
09:14:57.578 [main] INFO  com.example.redis.RedisTrafficApplication - No active profile set, falling back to 1 default profile: "default"
09:14:58.638 [main] INFO  org.springframework.data.repository.config.RepositoryConfigurationDelegate - Multiple Spring Data modules found, entering strict repository configuration mode
09:14:58.647 [main] INFO  org.springframework.data.repository.config.RepositoryConfigurationDelegate - Bootstrapping Spring Data Redis repositories in DEFAULT mode.
09:14:58.724 [main] INFO  org.springframework.data.repository.config.RepositoryConfigurationDelegate - Finished Spring Data repository scanning in 33 ms. Found 0 Redis repository interfaces.
09:14:59.339 [main] INFO  com.example.redis.config.RedisConfig - Redis 연결 설정을 초기화합니다: Nodes=172.31.12.231:6379,172.31.5.134:6379,172.31.36.36:6379, SSL=false, User=
09:15:00.619 [main] INFO  com.example.redis.RedisTrafficApplication - Started RedisTrafficApplication in 4.007 seconds (process running for 6.739)
09:15:00.626 [main] INFO  com.example.redis.service.TrafficGenerator - Redis 클러스터 트래픽 생성을 시작합니다.
09:15:01.885 [main] INFO  com.example.redis.service.TrafficGenerator - Key [timekey:20251226-091500-627153:9fc82d5f] (Slot 620) -> Target Node: 172.31.12.231:6379
09:15:01.919 [main] INFO  com.example.redis.service.TrafficGenerator - 키 저장 성공: Key=timekey:20251226-091500-627153:9fc82d5f
09:15:01.924 [main] INFO  com.example.redis.service.TrafficGenerator - 키 조회 성공: Key=timekey:20251226-091500-627153:9fc82d5f, Value=val:20251226-091500-627153
09:15:02.930 [main] INFO  com.example.redis.service.TrafficGenerator - Key [timekey:20251226-091502-925063:0ca3d56c] (Slot 13448) -> Target Node: 172.31.36.36:6379
09:15:02.939 [main] INFO  com.example.redis.service.TrafficGenerator - 키 저장 성공: Key=timekey:20251226-091502-925063:0ca3d56c
09:15:02.943 [main] INFO  com.example.redis.service.TrafficGenerator - 키 조회 성공: Key=timekey:20251226-091502-925063:0ca3d56c, Value=val:20251226-091502-925063
09:15:03.946 [main] INFO  com.example.redis.service.TrafficGenerator - Key [timekey:20251226-091503-943884:80f5f174] (Slot 13774) -> Target Node: 172.31.36.36:6379
09:15:03.957 [main] INFO  com.example.redis.service.TrafficGenerator - 키 저장 성공: Key=timekey:20251226-091503-943884:80f5f174
09:15:03.959 [main] INFO  com.example.redis.service.TrafficGenerator - 키 조회 성공: Key=timekey:20251226-091503-943884:80f5f174, Value=val:20251226-091503-943884
09:15:04.969 [main] INFO  com.example.redis.service.TrafficGenerator - Key [timekey:20251226-091504-959979:15eb8c08] (Slot 7836) -> Target Node: 172.31.5.134:6379
09:15:04.978 [main] INFO  com.example.redis.service.TrafficGenerator - 키 저장 성공: Key=timekey:20251226-091504-959979:15eb8c08
09:15:04.981 [main] INFO  com.example.redis.service.TrafficGenerator - 키 조회 성공: Key=timekey:20251226-091504-959979:15eb8c08, Value=val:20251226-091504-959979
09:15:05.983 [main] INFO  com.example.redis.service.TrafficGenerator - Key [timekey:20251226-091505-981318:3ee5dd68] (Slot 10640) -> Target Node: 172.31.5.134:6379
09:15:05.990 [main] INFO  com.example.redis.service.TrafficGenerator - 키 저장 성공: Key=timekey:20251226-091505-981318:3ee5dd68
09:15:05.993 [main] INFO  com.example.redis.service.TrafficGenerator - 키 조회 성공: Key=timekey:20251226-091505-981318:3ee5dd68, Value=val:20251226-091505-981318
09:15:06.995 [main] INFO  com.example.redis.service.TrafficGenerator - Key [timekey:20251226-091506-994513:6e381940] (Slot 13721) -> Target Node: 172.31.36.36:6379
09:15:06.999 [main] INFO  com.example.redis.service.TrafficGenerator - 키 저장 성공: Key=timekey:20251226-091506-994513:6e381940
09:15:07.003 [main] INFO  com.example.redis.service.TrafficGenerator - 키 조회 성공: Key=timekey:20251226-091506-994513:6e381940, Value=val:20251226-091506-994513
09:15:08.015 [main] INFO  com.example.redis.service.TrafficGenerator - Key [timekey:20251226-091508-004108:dbd47a16] (Slot 1746) -> Target Node: 172.31.12.231:6379
09:15:08.019 [main] INFO  com.example.redis.service.TrafficGenerator - 키 저장 성공: Key=timekey:20251226-091508-004108:dbd47a16
09:15:08.021 [main] INFO  com.example.redis.service.TrafficGenerator - 키 조회 성공: Key=timekey:20251226-091508-004108:dbd47a16, Value=val:20251226-091508-004108
09:15:09.023 [main] INFO  com.example.redis.service.TrafficGenerator - Key [timekey:20251226-091509-022383:266bf601] (Slot 10467) -> Target Node: 172.31.5.134:6379
09:15:09.031 [main] INFO  com.example.redis.service.TrafficGenerator - 키 저장 성공: Key=timekey:20251226-091509-022383:266bf601
09:15:09.034 [main] INFO  com.example.redis.service.TrafficGenerator - 키 조회 성공: Key=timekey:20251226-091509-022383:266bf601, Value=val:20251226-091509-022383
09:15:10.035 [main] INFO  com.example.redis.service.TrafficGenerator - Key [timekey:20251226-091510-034487:30ab5460] (Slot 14967) -> Target Node: 172.31.36.36:6379
09:15:10.038 [main] INFO  com.example.redis.service.TrafficGenerator - 키 저장 성공: Key=timekey:20251226-091510-034487:30ab5460
09:15:10.040 [main] INFO  com.example.redis.service.TrafficGenerator - 키 조회 성공: Key=timekey:20251226-091510-034487:30ab5460, Value=val:20251226-091510-034487
09:15:11.042 [main] INFO  com.example.redis.service.TrafficGenerator - Key [timekey:20251226-091511-041355:8eb6d0db] (Slot 15730) -> Target Node: 172.31.36.36:6379
09:15:11.045 [main] INFO  com.example.redis.service.TrafficGenerator - 키 저장 성공: Key=timekey:20251226-091511-041355:8eb6d0db
09:15:11.047 [main] INFO  com.example.redis.service.TrafficGenerator - 키 조회 성공: Key=timekey:20251226-091511-041355:8eb6d0db, Value=val:20251226-091511-041355
09:15:12.048 [main] INFO  com.example.redis.service.TrafficGenerator - Key [timekey:20251226-091512-048032:91259ed3] (Slot 11119) -> Target Node: 172.31.36.36:6379
09:15:12.054 [main] INFO  com.example.redis.service.TrafficGenerator - 키 저장 성공: Key=timekey:20251226-091512-048032:91259ed3
09:15:12.056 [main] INFO  com.example.redis.service.TrafficGenerator - 키 조회 성공: Key=timekey:20251226-091512-048032:91259ed3, Value=val:20251226-091512-048032
09:15:13.058 [main] INFO  com.example.redis.service.TrafficGenerator - Key [timekey:20251226-091513-057425:6d074428] (Slot 2274) -> Target Node: 172.31.12.231:6379
09:15:13.062 [main] INFO  com.example.redis.service.TrafficGenerator - 키 저장 성공: Key=timekey:20251226-091513-057425:6d074428
09:15:13.067 [main] INFO  com.example.redis.service.TrafficGenerator - 키 조회 성공: Key=timekey:20251226-091513-057425:6d074428, Value=val:20251226-091513-057425
09:15:14.068 [main] INFO  com.example.redis.service.TrafficGenerator - Key [timekey:20251226-091514-067460:9d9ff1f6] (Slot 6797) -> Target Node: 172.31.5.134:6379
09:15:14.071 [main] INFO  com.example.redis.service.TrafficGenerator - 키 저장 성공: Key=timekey:20251226-091514-067460:9d9ff1f6
09:15:14.074 [main] INFO  com.example.redis.service.TrafficGenerator - 키 조회 성공: Key=timekey:20251226-091514-067460:9d9ff1f6, Value=val:20251226-091514-067460
09:15:15.075 [main] INFO  com.example.redis.service.TrafficGenerator - Key [timekey:20251226-091515-074645:14851894] (Slot 5323) -> Target Node: 172.31.12.231:6379
09:15:15.078 [main] INFO  com.example.redis.service.TrafficGenerator - 키 저장 성공: Key=timekey:20251226-091515-074645:14851894
09:15:15.082 [main] INFO  com.example.redis.service.TrafficGenerator - 키 조회 성공: Key=timekey:20251226-091515-074645:14851894, Value=val:20251226-091515-074645
09:15:16.083 [main] INFO  com.example.redis.service.TrafficGenerator - Key [timekey:20251226-091516-082611:cf564702] (Slot 12765) -> Target Node: 172.31.36.36:6379
09:15:16.086 [main] INFO  com.example.redis.service.TrafficGenerator - 키 저장 성공: Key=timekey:20251226-091516-082611:cf564702
09:15:16.087 [main] INFO  com.example.redis.service.TrafficGenerator - 키 조회 성공: Key=timekey:20251226-091516-082611:cf564702, Value=val:20251226-091516-082611
09:15:17.088 [main] INFO  com.example.redis.service.TrafficGenerator - Key [timekey:20251226-091517-088195:1f6a0f96] (Slot 1668) -> Target Node: 172.31.12.231:6379
09:15:17.093 [main] INFO  com.example.redis.service.TrafficGenerator - 키 저장 성공: Key=timekey:20251226-091517-088195:1f6a0f96
09:15:17.095 [main] INFO  com.example.redis.service.TrafficGenerator - 키 조회 성공: Key=timekey:20251226-091517-088195:1f6a0f96, Value=val:20251226-091517-088195
09:15:18.096 [main] INFO  com.example.redis.service.TrafficGenerator - Key [timekey:20251226-091518-095546:864d7bc9] (Slot 4779) -> Target Node: 172.31.12.231:6379
09:15:18.099 [main] INFO  com.example.redis.service.TrafficGenerator - 키 저장 성공: Key=timekey:20251226-091518-095546:864d7bc9
09:15:18.102 [main] INFO  com.example.redis.service.TrafficGenerator - 키 조회 성공: Key=timekey:20251226-091518-095546:864d7bc9, Value=val:20251226-091518-095546

  .   ____          _            __ _ _
 /\\ / ___'_ __ _ _(_)_ __  __ _ \ \ \ \
( ( )\___ | '_ | '_| | '_ \/ _` | \ \ \ \
 \\/  ___)| |_)| | | | | || (_| |  ) ) ) )
  '  |____| .__|_| |_|_| |_\__, | / / / /
 =========|_|==============|___/=/_/_/_/
 :: Spring Boot ::                (v3.2.0)

09:15:31.671 [main] INFO  com.example.redis.RedisTrafficApplication - Starting RedisTrafficApplication v0.0.1-SNAPSHOT using Java 17.0.15 with PID 9381 (/home/ec2-user/lettuce/target/redis-traffic-generator-0.0.1-SNAPSHOT.jar started by root in /home/ec2-user/lettuce/target)
09:15:31.680 [main] DEBUG com.example.redis.RedisTrafficApplication - Running with Spring Boot v3.2.0, Spring v6.1.1
09:15:31.682 [main] INFO  com.example.redis.RedisTrafficApplication - No active profile set, falling back to 1 default profile: "default"
09:15:32.759 [main] INFO  org.springframework.data.repository.config.RepositoryConfigurationDelegate - Multiple Spring Data modules found, entering strict repository configuration mode
09:15:32.773 [main] INFO  org.springframework.data.repository.config.RepositoryConfigurationDelegate - Bootstrapping Spring Data Redis repositories in DEFAULT mode.
09:15:32.855 [main] INFO  org.springframework.data.repository.config.RepositoryConfigurationDelegate - Finished Spring Data repository scanning in 42 ms. Found 0 Redis repository interfaces.
09:15:33.418 [main] WARN  org.springframework.context.annotation.AnnotationConfigApplicationContext - Exception encountered during context initialization - cancelling refresh attempt: org.springframework.beans.factory.BeanCreationException: Error creating bean with name 'redisConfig': Injection of autowired dependencies failed
09:15:33.433 [main] INFO  org.springframework.boot.autoconfigure.logging.ConditionEvaluationReportLogger - 

Error starting ApplicationContext. To display the condition evaluation report re-run your application with 'debug' enabled.
09:15:33.485 [main] ERROR org.springframework.boot.SpringApplication - Application run failed
org.springframework.beans.factory.BeanCreationException: Error creating bean with name 'redisConfig': Injection of autowired dependencies failed
	at org.springframework.beans.factory.annotation.AutowiredAnnotationBeanPostProcessor.postProcessProperties(AutowiredAnnotationBeanPostProcessor.java:499) ~[spring-beans-6.1.1.jar!/:6.1.1]
	at org.springframework.beans.factory.support.AbstractAutowireCapableBeanFactory.populateBean(AbstractAutowireCapableBeanFactory.java:1420) ~[spring-beans-6.1.1.jar!/:6.1.1]
	at org.springframework.beans.factory.support.AbstractAutowireCapableBeanFactory.doCreateBean(AbstractAutowireCapableBeanFactory.java:600) ~[spring-beans-6.1.1.jar!/:6.1.1]
	at org.springframework.beans.factory.support.AbstractAutowireCapableBeanFactory.createBean(AbstractAutowireCapableBeanFactory.java:523) ~[spring-beans-6.1.1.jar!/:6.1.1]
	at org.springframework.beans.factory.support.AbstractBeanFactory.lambda$doGetBean$0(AbstractBeanFactory.java:325) ~[spring-beans-6.1.1.jar!/:6.1.1]
	at org.springframework.beans.factory.support.DefaultSingletonBeanRegistry.getSingleton(DefaultSingletonBeanRegistry.java:234) ~[spring-beans-6.1.1.jar!/:6.1.1]
	at org.springframework.beans.factory.support.AbstractBeanFactory.doGetBean(AbstractBeanFactory.java:323) ~[spring-beans-6.1.1.jar!/:6.1.1]
	at org.springframework.beans.factory.support.AbstractBeanFactory.getBean(AbstractBeanFactory.java:199) ~[spring-beans-6.1.1.jar!/:6.1.1]
	at org.springframework.beans.factory.support.DefaultListableBeanFactory.preInstantiateSingletons(DefaultListableBeanFactory.java:973) ~[spring-beans-6.1.1.jar!/:6.1.1]
	at org.springframework.context.support.AbstractApplicationContext.finishBeanFactoryInitialization(AbstractApplicationContext.java:946) ~[spring-context-6.1.1.jar!/:6.1.1]
	at org.springframework.context.support.AbstractApplicationContext.refresh(AbstractApplicationContext.java:616) ~[spring-context-6.1.1.jar!/:6.1.1]
	at org.springframework.boot.SpringApplication.refresh(SpringApplication.java:753) [spring-boot-3.2.0.jar!/:3.2.0]
	at org.springframework.boot.SpringApplication.refreshContext(SpringApplication.java:455) [spring-boot-3.2.0.jar!/:3.2.0]
	at org.springframework.boot.SpringApplication.run(SpringApplication.java:323) [spring-boot-3.2.0.jar!/:3.2.0]
	at org.springframework.boot.SpringApplication.run(SpringApplication.java:1342) [spring-boot-3.2.0.jar!/:3.2.0]
	at org.springframework.boot.SpringApplication.run(SpringApplication.java:1331) [spring-boot-3.2.0.jar!/:3.2.0]
	at com.example.redis.RedisTrafficApplication.main(RedisTrafficApplication.java:13) [!/:0.0.1-SNAPSHOT]
	at java.base/jdk.internal.reflect.NativeMethodAccessorImpl.invoke0(Native Method) ~[?:?]
	at java.base/jdk.internal.reflect.NativeMethodAccessorImpl.invoke(NativeMethodAccessorImpl.java:77) ~[?:?]
	at java.base/jdk.internal.reflect.DelegatingMethodAccessorImpl.invoke(DelegatingMethodAccessorImpl.java:43) ~[?:?]
	at java.base/java.lang.reflect.Method.invoke(Method.java:569) ~[?:?]
	at org.springframework.boot.loader.launch.Launcher.launch(Launcher.java:91) [redis-traffic-generator-0.0.1-SNAPSHOT.jar:0.0.1-SNAPSHOT]
	at org.springframework.boot.loader.launch.Launcher.launch(Launcher.java:53) [redis-traffic-generator-0.0.1-SNAPSHOT.jar:0.0.1-SNAPSHOT]
	at org.springframework.boot.loader.launch.JarLauncher.main(JarLauncher.java:58) [redis-traffic-generator-0.0.1-SNAPSHOT.jar:0.0.1-SNAPSHOT]
Caused by: java.lang.IllegalArgumentException: Could not resolve placeholder 'redis.cluster.nodes' in value "${redis.cluster.nodes}"
	at org.springframework.util.PropertyPlaceholderHelper.parseStringValue(PropertyPlaceholderHelper.java:180) ~[spring-core-6.1.1.jar!/:6.1.1]
	at org.springframework.util.PropertyPlaceholderHelper.replacePlaceholders(PropertyPlaceholderHelper.java:126) ~[spring-core-6.1.1.jar!/:6.1.1]
	at org.springframework.core.env.AbstractPropertyResolver.doResolvePlaceholders(AbstractPropertyResolver.java:239) ~[spring-core-6.1.1.jar!/:6.1.1]
	at org.springframework.core.env.AbstractPropertyResolver.resolveRequiredPlaceholders(AbstractPropertyResolver.java:210) ~[spring-core-6.1.1.jar!/:6.1.1]
	at org.springframework.context.support.PropertySourcesPlaceholderConfigurer.lambda$processProperties$0(PropertySourcesPlaceholderConfigurer.java:200) ~[spring-context-6.1.1.jar!/:6.1.1]
	at org.springframework.beans.factory.support.AbstractBeanFactory.resolveEmbeddedValue(AbstractBeanFactory.java:921) ~[spring-beans-6.1.1.jar!/:6.1.1]
	at org.springframework.beans.factory.support.DefaultListableBeanFactory.doResolveDependency(DefaultListableBeanFactory.java:1372) ~[spring-beans-6.1.1.jar!/:6.1.1]
	at org.springframework.beans.factory.support.DefaultListableBeanFactory.resolveDependency(DefaultListableBeanFactory.java:1348) ~[spring-beans-6.1.1.jar!/:6.1.1]
	at org.springframework.beans.factory.annotation.AutowiredAnnotationBeanPostProcessor$AutowiredFieldElement.resolveFieldValue(AutowiredAnnotationBeanPostProcessor.java:769) ~[spring-beans-6.1.1.jar!/:6.1.1]
	at org.springframework.beans.factory.annotation.AutowiredAnnotationBeanPostProcessor$AutowiredFieldElement.inject(AutowiredAnnotationBeanPostProcessor.java:752) ~[spring-beans-6.1.1.jar!/:6.1.1]
	at org.springframework.beans.factory.annotation.InjectionMetadata.inject(InjectionMetadata.java:145) ~[spring-beans-6.1.1.jar!/:6.1.1]
	at org.springframework.beans.factory.annotation.AutowiredAnnotationBeanPostProcessor.postProcessProperties(AutowiredAnnotationBeanPostProcessor.java:493) ~[spring-beans-6.1.1.jar!/:6.1.1]
	... 23 more
